person(secE)
secretary(secE)

person(projHeadA)
project-head(projHeadA)

person(secD)
secretary(secD)

person(secC)
secretary(secC)

person(researcherA)
researcher(researcherA)



room(smlRoomA)
small-room(smlRoomA)
assigned-to(projHeadA, smlRoomA)
assigned-to(secD, smlRoomA)
assigned-to(secC, smlRoomA)

room(lrgRoomB)
large-room(lrgRoomB)
assigned-to(projHeadA, lrgRoomB)

room(medRoomA)
medium-room(medRoomA)
assigned-to(projHeadA, medRoomA)
assigned-to(secC, medRoomA)





project(PROJECT)
heads-project(projHeadA, PROJECT)
project(projHeadA, PROJECT)



