Trace sisyphusI.Test sis.jar
Fri Nov 18 06:04:08 MST 2016
>>>>>>>>>>>>>>>>>>>>>>>>>>>>>>>>>>>>>>>>>>>>>>>>>>>>>>>>>>>>>>>>>>>>>>>>
>>>>>>>>>>>>>>>>> test 0: sisyphus.txt (10s) >>>>>>>>>>>>>>>>>
>>>>>>>>>>>>>>>>>>>>>>>>>>>>>>>>>>>>>>>>>>>>>>>>>>>>>>>>>>>>>>>>>>>>>>>>
Executing: java -jar sis.jar sisyphus.txt -1
Subprocess Exit code = 0 at 1004ms
*** SUCCESS ***
<<<<<<<<<<<<<<<<<<<<<<<<<<<<<<<<<<<<<<<<<<<<<<<<<<<<<<<<<<<<<<<<<<<<<<<<
<<<<<<<<<<<<<<<<< test 0: sisyphus.txt (10s) <<<<<<<<<<<<<<<<<
<<<<<<<<<<<<<<<<<<<<<<<<<<<<<<<<<<<<<<<<<<<<<<<<<<<<<<<<<<<<<<<<<<<<<<<<



-------------SUMMARY-----------------------------------------------
Test                          Status                               
----------------------------- -------------------------------------
sisyphus.txt                  success
-------------------------------------------------------------------
>>>>>>>>>>>>>>>>>>>>>>>>>>>>>>>>>>>>>>>>>>>>>>>>>>>>>>>>>>>>>>>>>>>>>>>>
>>>>>>>>>>>>>>>>> test 1: hugest.txt (60s) >>>>>>>>>>>>>>>>>
>>>>>>>>>>>>>>>>>>>>>>>>>>>>>>>>>>>>>>>>>>>>>>>>>>>>>>>>>>>>>>>>>>>>>>>>
Executing: java -jar sis.jar hugest.txt -1
Subprocess Exit code = 0 at 1004ms
*** SUCCESS ***
<<<<<<<<<<<<<<<<<<<<<<<<<<<<<<<<<<<<<<<<<<<<<<<<<<<<<<<<<<<<<<<<<<<<<<<<
<<<<<<<<<<<<<<<<< test 1: hugest.txt (60s) <<<<<<<<<<<<<<<<<
<<<<<<<<<<<<<<<<<<<<<<<<<<<<<<<<<<<<<<<<<<<<<<<<<<<<<<<<<<<<<<<<<<<<<<<<



-------------SUMMARY-----------------------------------------------
Test                          Status                               
----------------------------- -------------------------------------
sisyphus.txt                  success
hugest.txt                    success
-------------------------------------------------------------------
-------------SUMMARY-----------------------------------------------
Test                          Status                               
----------------------------- -------------------------------------
sisyphus.txt                  success
hugest.txt                    success
-------------------------------------------------------------------
0/1419 failures.
0/1419 warnings.
     Mark: A (4.0)
##mark:4.0##

Fri Nov 18 06:04:12 MST 2016
